<?xml version="1.0" encoding="UTF-8"?>
<testng-results skipped="0" failed="0" ignored="0" total="1" passed="1">
  <reporter-output>
  </reporter-output>
  <suite name="Suite" duration-ms="42" started-at="2020-04-18T14:58:23 IST" finished-at="2020-04-18T14:58:23 IST">
    <groups>
    </groups>
    <test name="Test" duration-ms="42" started-at="2020-04-18T14:58:23 IST" finished-at="2020-04-18T14:58:23 IST">
      <class name="gridPack2020.browserinvoke">
        <test-method status="PASS" signature="browserSelection()[pri:0, instance:gridPack2020.browserinvoke@271053e1]" name="browserSelection" duration-ms="4" started-at="2020-04-18T14:58:23 IST" finished-at="2020-04-18T14:58:23 IST">
          <reporter-output>
          </reporter-output>
        </test-method> <!-- browserSelection -->
      </class> <!-- gridPack2020.browserinvoke -->
    </test> <!-- Test -->
  </suite> <!-- Suite -->
</testng-results>
